0 info it worked if it ends with ok
1 verbose cli [ '/Users/milesdisch/.nvm/versions/node/v6.10.3/bin/node',
1 verbose cli   '/Users/milesdisch/.nvm/versions/node/v6.10.3/bin/npm',
1 verbose cli   'run',
1 verbose cli   'build' ]
2 info using npm@3.10.10
3 info using node@v6.10.3
4 verbose run-script [ 'prebuild', 'build', 'postbuild' ]
5 info lifecycle trafficLights@0.0.1~prebuild: trafficLights@0.0.1
6 silly lifecycle trafficLights@0.0.1~prebuild: no script for prebuild, continuing
7 info lifecycle trafficLights@0.0.1~build: trafficLights@0.0.1
8 verbose lifecycle trafficLights@0.0.1~build: unsafe-perm in lifecycle true
9 verbose lifecycle trafficLights@0.0.1~build: PATH: /Users/milesdisch/.nvm/versions/node/v6.10.3/lib/node_modules/npm/bin/node-gyp-bin:/Users/milesdisch/dev/Home/codeTests/trafficLights/node_modules/.bin:/Users/milesdisch/.nvm/versions/node/v6.10.3/bin:/usr/local/bin:/usr/local/sbin:/usr/bin:/usr/sbin:/bin:/sbin:/Users/milesdisch/Library/Haskell/bin:/Applications/Postgres.app/Contents/Versions/latest/bin:/Users/milesdisch/Code/go/bin:/Users/milesdisch/dev/Home/Scripts/npm-cli-login/bin
10 verbose lifecycle trafficLights@0.0.1~build: CWD: /Users/milesdisch/dev/Home/codeTests/trafficLights
11 silly lifecycle trafficLights@0.0.1~build: Args: [ '-c', 'webpack' ]
12 silly lifecycle trafficLights@0.0.1~build: Returned: code: 2  signal: null
13 info lifecycle trafficLights@0.0.1~build: Failed to exec build script
14 verbose stack Error: trafficLights@0.0.1 build: `webpack`
14 verbose stack Exit status 2
14 verbose stack     at EventEmitter.<anonymous> (/Users/milesdisch/.nvm/versions/node/v6.10.3/lib/node_modules/npm/lib/utils/lifecycle.js:255:16)
14 verbose stack     at emitTwo (events.js:106:13)
14 verbose stack     at EventEmitter.emit (events.js:191:7)
14 verbose stack     at ChildProcess.<anonymous> (/Users/milesdisch/.nvm/versions/node/v6.10.3/lib/node_modules/npm/lib/utils/spawn.js:40:14)
14 verbose stack     at emitTwo (events.js:106:13)
14 verbose stack     at ChildProcess.emit (events.js:191:7)
14 verbose stack     at maybeClose (internal/child_process.js:886:16)
14 verbose stack     at Process.ChildProcess._handle.onexit (internal/child_process.js:226:5)
15 verbose pkgid trafficLights@0.0.1
16 verbose cwd /Users/milesdisch/dev/Home/codeTests/trafficLights
17 error Darwin 16.5.0
18 error argv "/Users/milesdisch/.nvm/versions/node/v6.10.3/bin/node" "/Users/milesdisch/.nvm/versions/node/v6.10.3/bin/npm" "run" "build"
19 error node v6.10.3
20 error npm  v3.10.10
21 error code ELIFECYCLE
22 error trafficLights@0.0.1 build: `webpack`
22 error Exit status 2
23 error Failed at the trafficLights@0.0.1 build script 'webpack'.
23 error Make sure you have the latest version of node.js and npm installed.
23 error If you do, this is most likely a problem with the trafficLights package,
23 error not with npm itself.
23 error Tell the author that this fails on your system:
23 error     webpack
23 error You can get information on how to open an issue for this project with:
23 error     npm bugs trafficLights
23 error Or if that isn't available, you can get their info via:
23 error     npm owner ls trafficLights
23 error There is likely additional logging output above.
24 verbose exit [ 1, true ]
